<?xml version="1.0" encoding="UTF-8"?>
<!-- Generated by org.testng.reporters.JUnitReportReporter -->
<testsuite hostname="HHS-LAP-336" failures="0" tests="1" name="Image.Grid" time="16.731" errors="0" timestamp="2022-10-29T11:34:44 IST" skipped="0">
  <testcase classname="Image.Grid" name="ohrmLogin" time="16.731"/>
  <system-out/>
</testsuite> <!-- Image.Grid -->
